<?xml version="1.0" encoding="utf-8"?><testsuites name="pytest tests"><testsuite name="pytest" errors="0" failures="0" skipped="0" tests="3" time="0.401" timestamp="2026-05-10T10:00:35.870536+00:00" hostname="26d90ed1590b"><testcase classname="backend.tests.test_ecu" name="test_ecu_temp_is_safe" time="0.014" /><testcase classname="backend.tests.test_ecu" name="test_ecu_status_valid" time="0.014" /><testcase classname="backend.tests.test_ecu" name="test_api_reports_sensor_error_when_broken" time="0.054" /></testsuite></testsuites>