<?xml version="1.0" encoding="utf-8"?><testsuites name="pytest tests"><testsuite name="pytest" errors="0" failures="0" skipped="0" tests="5" time="0.657" timestamp="2026-05-14T12:17:09.879782+00:00" hostname="3f42ed694df4"><testcase classname="backend.tests.test_ecu" name="test_ecu_temp_is_safe" time="0.023" /><testcase classname="backend.tests.test_ecu" name="test_ecu_status_valid" time="0.015" /><testcase classname="backend.tests.test_ecu" name="test_api_reports_sensor_error_when_broken" time="0.088" /><testcase classname="backend.tests.test_ecu" name="test_database_record_exists" time="0.045" /><testcase classname="backend.tests.test_ecu" name="test_data_integrity_binary_vs_db" time="0.019" /></testsuite></testsuites>