<?xml version="1.0" encoding="utf-8"?><testsuites name="pytest tests"><testsuite name="pytest" errors="0" failures="0" skipped="1" tests="7" time="2.297" timestamp="2026-05-17T13:06:43.618593+00:00" hostname="6eeb60548441"><testcase classname="tests.test_ecu" name="test_ecu_behavior_by_mode" time="0.023"><properties><property name="requirement_id" value="REQ-ECU-001-MODE-CONTROL" /></properties></testcase><testcase classname="tests.test_ecu" name="test_ecu_temp_is_safe" time="0.006"><properties><property name="requirement_id" value="REQ-ECU-002-THERMAL-SAFETY" /></properties></testcase><testcase classname="tests.test_ecu" name="test_ecu_status_valid" time="0.006" /><testcase classname="tests.test_ecu" name="test_api_reports_sensor_error_when_broken" time="0.020"><skipped type="pytest.skip" message="Skipping this test because ECU_MODE is not set to BROKEN">/app/backend/tests/test_ecu.py:79: Skipping this test because ECU_MODE is not set to BROKEN</skipped></testcase><testcase classname="tests.test_ecu" name="test_database_record_exists" time="0.020" /><testcase classname="tests.test_ecu" name="test_data_integrity_binary_vs_db" time="2.068"><properties><property name="requirement_id" value="REQ-ECU-003-DATA-INTEGRITY" /></properties></testcase><testcase classname="tests.test_ecu" name="test_database_integrity" time="0.022" /></testsuite></testsuites>